C:\USERS\SHRUTI\DOCUMENTS\VISUAL STUDIO 2010\PROJECTS\FIBONACCI ITERATIVE AND RECURSIVE\DEBUG\FIBONACCI ITERATIVE AND RECURSIVE.EXE
C:\USERS\SHRUTI\DOCUMENTS\VISUAL STUDIO 2010\PROJECTS\FIBONACCI ITERATIVE AND RECURSIVE\DEBUG\FIBONACCI ITERATIVE AND RECURSIVE.ILK
C:\USERS\SHRUTI\DOCUMENTS\VISUAL STUDIO 2010\PROJECTS\FIBONACCI ITERATIVE AND RECURSIVE\DEBUG\FIBONACCI ITERATIVE AND RECURSIVE.PDB
c:\Users\shruti\documents\visual studio 2010\Projects\Fibonacci Iterative and Recursive\Fibonacci Iterative and Recursive\Debug\cl.command.1.tlog
c:\Users\shruti\documents\visual studio 2010\Projects\Fibonacci Iterative and Recursive\Fibonacci Iterative and Recursive\Debug\CL.read.1.tlog
c:\Users\shruti\documents\visual studio 2010\Projects\Fibonacci Iterative and Recursive\Fibonacci Iterative and Recursive\Debug\CL.write.1.tlog
C:\USERS\SHRUTI\DOCUMENTS\VISUAL STUDIO 2010\PROJECTS\FIBONACCI ITERATIVE AND RECURSIVE\FIBONACCI ITERATIVE AND RECURSIVE\DEBUG\FIBONACCI ITERATIVE AND RECURSIVE.EXE.EMBED.MANIFEST
C:\USERS\SHRUTI\DOCUMENTS\VISUAL STUDIO 2010\PROJECTS\FIBONACCI ITERATIVE AND RECURSIVE\FIBONACCI ITERATIVE AND RECURSIVE\DEBUG\FIBONACCI ITERATIVE AND RECURSIVE.EXE.EMBED.MANIFEST.RES
C:\USERS\SHRUTI\DOCUMENTS\VISUAL STUDIO 2010\PROJECTS\FIBONACCI ITERATIVE AND RECURSIVE\FIBONACCI ITERATIVE AND RECURSIVE\DEBUG\FIBONACCI ITERATIVE AND RECURSIVE.EXE.INTERMEDIATE.MANIFEST
C:\USERS\SHRUTI\DOCUMENTS\VISUAL STUDIO 2010\PROJECTS\FIBONACCI ITERATIVE AND RECURSIVE\FIBONACCI ITERATIVE AND RECURSIVE\DEBUG\FIBONACCI ITERATIVE AND RECURSIVE.OBJ
c:\Users\shruti\documents\visual studio 2010\Projects\Fibonacci Iterative and Recursive\Fibonacci Iterative and Recursive\Debug\Fibonacci Iterative and Recursive_manifest.rc
c:\Users\shruti\documents\visual studio 2010\Projects\Fibonacci Iterative and Recursive\Fibonacci Iterative and Recursive\Debug\link.command.1.tlog
c:\Users\shruti\documents\visual studio 2010\Projects\Fibonacci Iterative and Recursive\Fibonacci Iterative and Recursive\Debug\link.read.1.tlog
c:\Users\shruti\documents\visual studio 2010\Projects\Fibonacci Iterative and Recursive\Fibonacci Iterative and Recursive\Debug\link.write.1.tlog
c:\Users\shruti\documents\visual studio 2010\Projects\Fibonacci Iterative and Recursive\Fibonacci Iterative and Recursive\Debug\link-cvtres.read.1.tlog
c:\Users\shruti\documents\visual studio 2010\Projects\Fibonacci Iterative and Recursive\Fibonacci Iterative and Recursive\Debug\link-cvtres.write.1.tlog
c:\Users\shruti\documents\visual studio 2010\Projects\Fibonacci Iterative and Recursive\Fibonacci Iterative and Recursive\Debug\mt.command.1.tlog
c:\Users\shruti\documents\visual studio 2010\Projects\Fibonacci Iterative and Recursive\Fibonacci Iterative and Recursive\Debug\mt.read.1.tlog
c:\Users\shruti\documents\visual studio 2010\Projects\Fibonacci Iterative and Recursive\Fibonacci Iterative and Recursive\Debug\mt.write.1.tlog
c:\Users\shruti\documents\visual studio 2010\Projects\Fibonacci Iterative and Recursive\Fibonacci Iterative and Recursive\Debug\rc.command.1.tlog
c:\Users\shruti\documents\visual studio 2010\Projects\Fibonacci Iterative and Recursive\Fibonacci Iterative and Recursive\Debug\rc.read.1.tlog
c:\Users\shruti\documents\visual studio 2010\Projects\Fibonacci Iterative and Recursive\Fibonacci Iterative and Recursive\Debug\rc.write.1.tlog
c:\Users\shruti\documents\visual studio 2010\Projects\Fibonacci Iterative and Recursive\Fibonacci Iterative and Recursive\Debug\vc100.idb
C:\USERS\SHRUTI\DOCUMENTS\VISUAL STUDIO 2010\PROJECTS\FIBONACCI ITERATIVE AND RECURSIVE\FIBONACCI ITERATIVE AND RECURSIVE\DEBUG\VC100.PDB
