C:\USERS\SHRUTI\DESKTOP\FRACTION\FRACTION\DEBUG\FRACTION FILE.OBJ
C:\USERS\SHRUTI\DESKTOP\FRACTION\FRACTION\DEBUG\FRACTION.EXE.EMBED.MANIFEST.RES
C:\USERS\SHRUTI\DESKTOP\FRACTION\FRACTION\DEBUG\MAIN.OBJ
C:\USERS\SHRUTI\DESKTOP\FRACTION\FRACTION\DEBUG\VC100.PDB
W:\FRACTION\FRACTION\DEBUG\FRACTION FILE.OBJ
W:\FRACTION\FRACTION\DEBUG\FRACTION.EXE.EMBED.MANIFEST.RES
W:\FRACTION\FRACTION\DEBUG\MAIN.OBJ
W:\FRACTION\FRACTION\DEBUG\VC100.PDB
W:\NEW FOLDER\FRACTION\DEBUG\FRACTION.EXE
W:\NEW FOLDER\FRACTION\DEBUG\FRACTION.ILK
W:\NEW FOLDER\FRACTION\DEBUG\FRACTION.PDB
W:\New Folder\Fraction\Fraction\Debug\cl.command.1.tlog
W:\New Folder\Fraction\Fraction\Debug\cl.read.1.tlog
W:\New Folder\Fraction\Fraction\Debug\cl.write.1.tlog
W:\NEW FOLDER\FRACTION\FRACTION\DEBUG\FRACTION FILE.OBJ
W:\New Folder\Fraction\Fraction\Debug\Fraction.exe.embed.manifest
W:\New Folder\Fraction\Fraction\Debug\Fraction.exe.embed.manifest.res
W:\NEW FOLDER\FRACTION\FRACTION\DEBUG\FRACTION.EXE.INTERMEDIATE.MANIFEST
W:\New Folder\Fraction\Fraction\Debug\Fraction_manifest.rc
W:\New Folder\Fraction\Fraction\Debug\link.79532.read.1.tlog
W:\New Folder\Fraction\Fraction\Debug\link.79532.write.1.tlog
W:\New Folder\Fraction\Fraction\Debug\link.79532-cvtres.read.1.tlog
W:\New Folder\Fraction\Fraction\Debug\link.79532-cvtres.write.1.tlog
W:\New Folder\Fraction\Fraction\Debug\link.command.1.tlog
W:\New Folder\Fraction\Fraction\Debug\link.read.1.tlog
W:\New Folder\Fraction\Fraction\Debug\link.write.1.tlog
W:\New Folder\Fraction\Fraction\Debug\link-cvtres.read.1.tlog
W:\New Folder\Fraction\Fraction\Debug\link-cvtres.write.1.tlog
W:\NEW FOLDER\FRACTION\FRACTION\DEBUG\MAIN.OBJ
W:\New Folder\Fraction\Fraction\Debug\mt.command.1.tlog
W:\New Folder\Fraction\Fraction\Debug\mt.read.1.tlog
W:\New Folder\Fraction\Fraction\Debug\mt.write.1.tlog
W:\New Folder\Fraction\Fraction\Debug\rc.command.1.tlog
W:\New Folder\Fraction\Fraction\Debug\rc.read.1.tlog
W:\New Folder\Fraction\Fraction\Debug\rc.write.1.tlog
W:\New Folder\Fraction\Fraction\Debug\vc100.idb
W:\NEW FOLDER\FRACTION\FRACTION\DEBUG\VC100.PDB
