Build started 12/5/2012 1:03:32 PM.
     1>Project "W:\New Folder\Fraction\Fraction\Fraction.vcxproj" on node 2 (build target(s)).
     1>InitializeBuildStatus:
         Creating "Debug\Fraction.unsuccessfulbuild" because "AlwaysCreate" was specified.
       ClCompile:
         c:\Program Files (x86)\Microsoft Visual Studio 10.0\VC\bin\CL.exe /c /ZI /nologo /W3 /WX- /Od /Oy- /D WIN32 /D _DEBUG /D _CONSOLE /D _UNICODE /D UNICODE /Gm /EHsc /RTC1 /MDd /GS /fp:precise /Zc:wchar_t /Zc:forScope /Fo"Debug\\" /Fd"Debug\vc100.pdb" /Gd /TP /analyze- /errorReport:prompt "fraction file.cpp" main.cpp
         main.cpp
         fraction file.cpp
         Generating Code...
       ManifestResourceCompile:
         All outputs are up-to-date.
       Link:
         c:\Program Files (x86)\Microsoft Visual Studio 10.0\VC\bin\link.exe /ERRORREPORT:PROMPT /OUT:"W:\New Folder\Fraction\Debug\Fraction.exe" /INCREMENTAL /NOLOGO kernel32.lib user32.lib gdi32.lib winspool.lib comdlg32.lib advapi32.lib shell32.lib ole32.lib oleaut32.lib uuid.lib odbc32.lib odbccp32.lib /MANIFEST /ManifestFile:"Debug\Fraction.exe.intermediate.manifest" /MANIFESTUAC:"level='asInvoker' uiAccess='false'" /DEBUG /PDB:"W:\New Folder\Fraction\Debug\Fraction.pdb" /SUBSYSTEM:CONSOLE /TLBID:1 /DYNAMICBASE /NXCOMPAT /IMPLIB:"W:\New Folder\Fraction\Debug\Fraction.lib" /MACHINE:X86 Debug\Fraction.exe.embed.manifest.res
         "Debug\fraction file.obj"
         Debug\main.obj
     1>main.obj : warning LNK4099: PDB 'vc100.pdb' was not found with 'main.obj' or at 'W:\New Folder\Fraction\Debug\vc100.pdb'; linking object as if no debug info
     1>fraction file.obj : warning LNK4099: PDB 'vc100.pdb' was not found with 'fraction file.obj' or at 'W:\New Folder\Fraction\Debug\vc100.pdb'; linking object as if no debug info
       Manifest:
         c:\Program Files (x86)\Microsoft SDKs\Windows\v7.0A\bin\mt.exe /nologo /verbose /out:"Debug\Fraction.exe.embed.manifest" /manifest Debug\Fraction.exe.intermediate.manifest
         All outputs are up-to-date.
       LinkEmbedManifest:
         All outputs are up-to-date.
         Fraction.vcxproj -> W:\New Folder\Fraction\Debug\Fraction.exe
       FinalizeBuildStatus:
         Deleting file "Debug\Fraction.unsuccessfulbuild".
         Touching "Debug\Fraction.lastbuildstate".
     1>Done Building Project "W:\New Folder\Fraction\Fraction\Fraction.vcxproj" (build target(s)).

Build succeeded.

Time Elapsed 00:00:02.40
